<?xml version="1.0" encoding="UTF-8"?>
<testng-results ignored="0" total="1" passed="1" failed="0" skipped="0">
  <reporter-output>
  </reporter-output>
  <suite started-at="2022-01-05T18:08:33Z" name="Default suite" finished-at="2022-01-05T18:09:26Z" duration-ms="52996">
    <groups>
    </groups>
    <test started-at="2022-01-05T18:08:33Z" name="Default test" finished-at="2022-01-05T18:09:26Z" duration-ms="52996">
      <class name="org.testng.HotelBooking">
        <test-method is-config="true" signature="beforeClass()[pri:0, instance:org.testng.HotelBooking@609e8838]" started-at="2022-01-05T18:08:33Z" name="beforeClass" finished-at="2022-01-05T18:08:53Z" duration-ms="20223" status="PASS">
          <reporter-output>
          </reporter-output>
        </test-method> <!-- beforeClass -->
        <test-method signature="bookHotel()[pri:0, instance:org.testng.HotelBooking@609e8838]" started-at="2022-01-05T18:08:53Z" name="bookHotel" finished-at="2022-01-05T18:09:25Z" duration-ms="32097" status="PASS">
          <reporter-output>
          </reporter-output>
        </test-method> <!-- bookHotel -->
        <test-method is-config="true" signature="afterClass()[pri:0, instance:org.testng.HotelBooking@609e8838]" started-at="2022-01-05T18:09:25Z" name="afterClass" finished-at="2022-01-05T18:09:26Z" duration-ms="595" status="PASS">
          <reporter-output>
          </reporter-output>
        </test-method> <!-- afterClass -->
      </class> <!-- org.testng.HotelBooking -->
    </test> <!-- Default test -->
  </suite> <!-- Default suite -->
</testng-results>
